23:02:46.915 INFO  NativeLibraryLoader - Loading libgkl_compression.so from jar:file:/gatk/gatk-package-4.1.0.0-local.jar!/com/intel/gkl/native/libgkl_compression.so
23:02:48.704 INFO  BaseRecalibrator - ------------------------------------------------------------
23:02:48.705 INFO  BaseRecalibrator - The Genome Analysis Toolkit (GATK) v4.1.0.0
23:02:48.705 INFO  BaseRecalibrator - For support and documentation go to https://software.broadinstitute.org/gatk/
23:02:48.706 INFO  BaseRecalibrator - Executing as ?@3ab3911e24d3 on Linux v4.9.125-linuxkit amd64
23:02:48.706 INFO  BaseRecalibrator - Java runtime: OpenJDK 64-Bit Server VM v1.8.0_191-8u191-b12-0ubuntu0.16.04.1-b12
23:02:48.707 INFO  BaseRecalibrator - Start Date/Time: February 1, 2019 11:02:46 PM UTC
23:02:48.707 INFO  BaseRecalibrator - ------------------------------------------------------------
23:02:48.708 INFO  BaseRecalibrator - ------------------------------------------------------------
23:02:48.710 INFO  BaseRecalibrator - HTSJDK Version: 2.18.2
23:02:48.710 INFO  BaseRecalibrator - Picard Version: 2.18.25
23:02:48.712 INFO  BaseRecalibrator - HTSJDK Defaults.COMPRESSION_LEVEL : 2
23:02:48.713 INFO  BaseRecalibrator - HTSJDK Defaults.USE_ASYNC_IO_READ_FOR_SAMTOOLS : false
23:02:48.713 INFO  BaseRecalibrator - HTSJDK Defaults.USE_ASYNC_IO_WRITE_FOR_SAMTOOLS : true
23:02:48.713 INFO  BaseRecalibrator - HTSJDK Defaults.USE_ASYNC_IO_WRITE_FOR_TRIBBLE : false
23:02:48.714 INFO  BaseRecalibrator - Deflater: IntelDeflater
23:02:48.714 INFO  BaseRecalibrator - Inflater: IntelInflater
23:02:48.714 INFO  BaseRecalibrator - GCS max retries/reopens: 20
23:02:48.715 INFO  BaseRecalibrator - Requester pays: disabled
23:02:48.715 INFO  BaseRecalibrator - Initializing engine
23:02:49.189 INFO  FeatureManager - Using codec VCFCodec to read file file:///Users/biederse/vaporware/work/a7/d3cb1b7ed9775a9bfc9b10c3f58f3e/dbsnp_138.b37.small.vcf
23:02:49.246 INFO  FeatureManager - Using codec VCFCodec to read file file:///Users/biederse/vaporware/work/a7/d3cb1b7ed9775a9bfc9b10c3f58f3e/Mills_and_1000G_gold_standard.indels.b37.small.vcf
23:02:49.283 INFO  FeatureManager - Using codec VCFCodec to read file file:///Users/biederse/vaporware/work/a7/d3cb1b7ed9775a9bfc9b10c3f58f3e/1000G_phase1.indels.b37.small.vcf
23:02:49.339 INFO  IntervalArgumentCollection - Processing 804955 bp from intervals
23:02:49.348 INFO  BaseRecalibrator - Done initializing engine
23:02:49.355 INFO  BaseRecalibrationEngine - The covariates being used here: 
23:02:49.355 INFO  BaseRecalibrationEngine - 	ReadGroupCovariate
23:02:49.355 INFO  BaseRecalibrationEngine - 	QualityScoreCovariate
23:02:49.355 INFO  BaseRecalibrationEngine - 	ContextCovariate
23:02:49.355 INFO  BaseRecalibrationEngine - 	CycleCovariate
23:02:49.380 INFO  ProgressMeter - Starting traversal
23:02:49.380 INFO  ProgressMeter -        Current Locus  Elapsed Minutes       Reads Processed     Reads/Minute
23:02:49.431 INFO  BaseRecalibrator - No reads filtered by: ((((((MappingQualityNotZeroReadFilter AND MappingQualityAvailableReadFilter) AND MappedReadFilter) AND NotSecondaryAlignmentReadFilter) AND NotDuplicateReadFilter) AND PassesVendorQualityCheckReadFilter) AND WellformedReadFilter)
23:02:49.433 INFO  ProgressMeter -             unmapped              0.0                     0              0.0
23:02:49.433 INFO  ProgressMeter - Traversal complete. Processed 0 total reads in 0.0 minutes.
23:02:49.433 INFO  BaseRecalibrator - Calculating quantized quality scores...
23:02:49.455 INFO  BaseRecalibrator - Writing recalibration report...
23:02:49.769 INFO  BaseRecalibrator - ...done!
23:02:49.769 INFO  BaseRecalibrator - Shutting down engine
[February 1, 2019 11:02:49 PM UTC] org.broadinstitute.hellbender.tools.walkers.bqsr.BaseRecalibrator done. Elapsed time: 0.05 minutes.
Runtime.totalMemory()=435159040
Tool returned:
0
Using GATK jar /gatk/gatk-package-4.1.0.0-local.jar
Running:
    java -Dsamjdk.use_async_io_read_samtools=false -Dsamjdk.use_async_io_write_samtools=true -Dsamjdk.use_async_io_write_tribble=false -Dsamjdk.compression_level=2 -jar /gatk/gatk-package-4.1.0.0-local.jar BaseRecalibrator --input 9876T_XX.md.bam --output 9876T.recal.table --tmp-dir /tmp -R human_g1k_v37_decoy.small.fasta -L small.intervals --known-sites dbsnp_138.b37.small.vcf --known-sites Mills_and_1000G_gold_standard.indels.b37.small.vcf --known-sites 1000G_phase1.indels.b37.small.vcf --verbosity INFO
