23:03:13.023 INFO  NativeLibraryLoader - Loading libgkl_compression.so from jar:file:/gatk/gatk-package-4.1.0.0-local.jar!/com/intel/gkl/native/libgkl_compression.so
23:03:14.816 INFO  ApplyBQSR - ------------------------------------------------------------
23:03:14.818 INFO  ApplyBQSR - The Genome Analysis Toolkit (GATK) v4.1.0.0
23:03:14.818 INFO  ApplyBQSR - For support and documentation go to https://software.broadinstitute.org/gatk/
23:03:14.819 INFO  ApplyBQSR - Executing as ?@9aac31ede8c9 on Linux v4.9.125-linuxkit amd64
23:03:14.819 INFO  ApplyBQSR - Java runtime: OpenJDK 64-Bit Server VM v1.8.0_191-8u191-b12-0ubuntu0.16.04.1-b12
23:03:14.819 INFO  ApplyBQSR - Start Date/Time: February 1, 2019 11:03:12 PM UTC
23:03:14.819 INFO  ApplyBQSR - ------------------------------------------------------------
23:03:14.819 INFO  ApplyBQSR - ------------------------------------------------------------
23:03:14.820 INFO  ApplyBQSR - HTSJDK Version: 2.18.2
23:03:14.820 INFO  ApplyBQSR - Picard Version: 2.18.25
23:03:14.820 INFO  ApplyBQSR - HTSJDK Defaults.COMPRESSION_LEVEL : 2
23:03:14.820 INFO  ApplyBQSR - HTSJDK Defaults.USE_ASYNC_IO_READ_FOR_SAMTOOLS : false
23:03:14.820 INFO  ApplyBQSR - HTSJDK Defaults.USE_ASYNC_IO_WRITE_FOR_SAMTOOLS : true
23:03:14.821 INFO  ApplyBQSR - HTSJDK Defaults.USE_ASYNC_IO_WRITE_FOR_TRIBBLE : false
23:03:14.821 INFO  ApplyBQSR - Deflater: IntelDeflater
23:03:14.821 INFO  ApplyBQSR - Inflater: IntelInflater
23:03:14.821 INFO  ApplyBQSR - GCS max retries/reopens: 20
23:03:14.821 INFO  ApplyBQSR - Requester pays: disabled
23:03:14.822 INFO  ApplyBQSR - Initializing engine
23:03:15.343 INFO  IntervalArgumentCollection - Processing 804955 bp from intervals
23:03:15.348 INFO  ApplyBQSR - Done initializing engine
23:03:15.379 INFO  ProgressMeter - Starting traversal
23:03:15.380 INFO  ProgressMeter -        Current Locus  Elapsed Minutes       Reads Processed     Reads/Minute
23:03:15.455 INFO  ApplyBQSR - No reads filtered by: WellformedReadFilter
23:03:15.458 INFO  ProgressMeter -             unmapped              0.0                     0              0.0
23:03:15.458 INFO  ProgressMeter - Traversal complete. Processed 0 total reads in 0.0 minutes.
23:03:15.489 INFO  ApplyBQSR - Shutting down engine
[February 1, 2019 11:03:15 PM UTC] org.broadinstitute.hellbender.tools.walkers.bqsr.ApplyBQSR done. Elapsed time: 0.04 minutes.
Runtime.totalMemory()=613941248
Using GATK jar /gatk/gatk-package-4.1.0.0-local.jar
Running:
    java -Dsamjdk.use_async_io_read_samtools=false -Dsamjdk.use_async_io_write_samtools=true -Dsamjdk.use_async_io_write_tribble=false -Dsamjdk.compression_level=2 -jar /gatk/gatk-package-4.1.0.0-local.jar ApplyBQSR -R human_g1k_v37_decoy.small.fasta --input 9876T_XX.md.bam --output 9876T.recal.bam -L small.intervals --create-output-bam-index true --bqsr-recal-file 9876T.recal.table
