23:02:55.809 INFO  NativeLibraryLoader - Loading libgkl_compression.so from jar:file:/gatk/gatk-package-4.1.0.0-local.jar!/com/intel/gkl/native/libgkl_compression.so
23:02:57.605 INFO  BaseRecalibrator - ------------------------------------------------------------
23:02:57.606 INFO  BaseRecalibrator - The Genome Analysis Toolkit (GATK) v4.1.0.0
23:02:57.606 INFO  BaseRecalibrator - For support and documentation go to https://software.broadinstitute.org/gatk/
23:02:57.607 INFO  BaseRecalibrator - Executing as ?@851b16ecc7e3 on Linux v4.9.125-linuxkit amd64
23:02:57.607 INFO  BaseRecalibrator - Java runtime: OpenJDK 64-Bit Server VM v1.8.0_191-8u191-b12-0ubuntu0.16.04.1-b12
23:02:57.607 INFO  BaseRecalibrator - Start Date/Time: February 1, 2019 11:02:55 PM UTC
23:02:57.607 INFO  BaseRecalibrator - ------------------------------------------------------------
23:02:57.607 INFO  BaseRecalibrator - ------------------------------------------------------------
23:02:57.608 INFO  BaseRecalibrator - HTSJDK Version: 2.18.2
23:02:57.608 INFO  BaseRecalibrator - Picard Version: 2.18.25
23:02:57.609 INFO  BaseRecalibrator - HTSJDK Defaults.COMPRESSION_LEVEL : 2
23:02:57.609 INFO  BaseRecalibrator - HTSJDK Defaults.USE_ASYNC_IO_READ_FOR_SAMTOOLS : false
23:02:57.609 INFO  BaseRecalibrator - HTSJDK Defaults.USE_ASYNC_IO_WRITE_FOR_SAMTOOLS : true
23:02:57.609 INFO  BaseRecalibrator - HTSJDK Defaults.USE_ASYNC_IO_WRITE_FOR_TRIBBLE : false
23:02:57.609 INFO  BaseRecalibrator - Deflater: IntelDeflater
23:02:57.609 INFO  BaseRecalibrator - Inflater: IntelInflater
23:02:57.609 INFO  BaseRecalibrator - GCS max retries/reopens: 20
23:02:57.609 INFO  BaseRecalibrator - Requester pays: disabled
23:02:57.610 INFO  BaseRecalibrator - Initializing engine
23:02:58.084 INFO  FeatureManager - Using codec VCFCodec to read file file:///Users/biederse/vaporware/work/7b/96935a7c697cc5c016f77d0f8086b0/dbsnp_138.b37.small.vcf
23:02:58.142 INFO  FeatureManager - Using codec VCFCodec to read file file:///Users/biederse/vaporware/work/7b/96935a7c697cc5c016f77d0f8086b0/Mills_and_1000G_gold_standard.indels.b37.small.vcf
23:02:58.172 INFO  FeatureManager - Using codec VCFCodec to read file file:///Users/biederse/vaporware/work/7b/96935a7c697cc5c016f77d0f8086b0/1000G_phase1.indels.b37.small.vcf
23:02:58.222 INFO  IntervalArgumentCollection - Processing 804955 bp from intervals
23:02:58.229 INFO  BaseRecalibrator - Done initializing engine
23:02:58.236 INFO  BaseRecalibrationEngine - The covariates being used here: 
23:02:58.236 INFO  BaseRecalibrationEngine - 	ReadGroupCovariate
23:02:58.236 INFO  BaseRecalibrationEngine - 	QualityScoreCovariate
23:02:58.236 INFO  BaseRecalibrationEngine - 	ContextCovariate
23:02:58.236 INFO  BaseRecalibrationEngine - 	CycleCovariate
23:02:58.252 INFO  ProgressMeter - Starting traversal
23:02:58.252 INFO  ProgressMeter -        Current Locus  Elapsed Minutes       Reads Processed     Reads/Minute
23:02:58.306 INFO  BaseRecalibrator - No reads filtered by: ((((((MappingQualityNotZeroReadFilter AND MappingQualityAvailableReadFilter) AND MappedReadFilter) AND NotSecondaryAlignmentReadFilter) AND NotDuplicateReadFilter) AND PassesVendorQualityCheckReadFilter) AND WellformedReadFilter)
23:02:58.308 INFO  ProgressMeter -             unmapped              0.0                     0              0.0
23:02:58.308 INFO  ProgressMeter - Traversal complete. Processed 0 total reads in 0.0 minutes.
23:02:58.308 INFO  BaseRecalibrator - Calculating quantized quality scores...
23:02:58.330 INFO  BaseRecalibrator - Writing recalibration report...
23:02:58.585 INFO  BaseRecalibrator - ...done!
23:02:58.585 INFO  BaseRecalibrator - Shutting down engine
[February 1, 2019 11:02:58 PM UTC] org.broadinstitute.hellbender.tools.walkers.bqsr.BaseRecalibrator done. Elapsed time: 0.05 minutes.
Runtime.totalMemory()=343932928
Using GATK jar /gatk/gatk-package-4.1.0.0-local.jar
Running:
    java -Dsamjdk.use_async_io_read_samtools=false -Dsamjdk.use_async_io_write_samtools=true -Dsamjdk.use_async_io_write_tribble=false -Dsamjdk.compression_level=2 -jar /gatk/gatk-package-4.1.0.0-local.jar BaseRecalibrator --input 9876T_XX.md.bam --output 9876T.recal.table --tmp-dir /tmp -R human_g1k_v37_decoy.small.fasta -L small.intervals --known-sites dbsnp_138.b37.small.vcf --known-sites Mills_and_1000G_gold_standard.indels.b37.small.vcf --known-sites 1000G_phase1.indels.b37.small.vcf --verbosity INFO
